<?xml version="1.0" encoding="UTF-8"?>
<!-- Generated by org.testng.reporters.JUnitXMLReporter -->
<testsuite ignored="0" hostname="DESKTOP-R4NJFFI" failures="1" tests="1" name="Test(failed)" time="19.089" errors="0" timestamp="2025-02-25T13:04:44 IST">
  <testcase classname="Module1ForMedicalTestClass.MedicalTestClass" name="verifyTC" time="0.057">
    <failure type="java.io.FileNotFoundException">
      <![CDATA[java.io.FileNotFoundException: 
at java.base/java.io.FileInputStream.open0(Native Method)
at java.base/java.io.FileInputStream.open(FileInputStream.java:213)
at java.base/java.io.FileInputStream.<init>(FileInputStream.java:152)
at java.base/java.io.FileInputStream.<init>(FileInputStream.java:106)
at LibraryFile.UtilityClass.TestData(UtilityClass.java:27)
at Module1ForMedicalTestClass.MedicalTestClass.verifyTC(MedicalTestClass.java:59)
at java.base/java.util.ArrayList.forEach(ArrayList.java:1597)
... Removed 25 stack frames]]>
    </failure>
  </testcase> <!-- verifyTC -->
</testsuite> <!-- Test(failed) -->
