<?xml version="1.0" encoding="UTF-8"?>
<testng-results ignored="0" total="1" passed="0" failed="1" skipped="0">
  <reporter-output>
  </reporter-output>
  <suite started-at="2025-02-12T11:46:06 IST" name="Default suite" finished-at="2025-02-12T11:46:20 IST" duration-ms="13987">
    <groups>
    </groups>
    <test started-at="2025-02-12T11:46:06 IST" name="Default test" finished-at="2025-02-12T11:46:20 IST" duration-ms="13987">
      <class name="Module1ForMedicalTestClass.MedicalTestClass">
        <test-method is-config="true" signature="OpenBrowser()[pri:0, instance:Module1ForMedicalTestClass.MedicalTestClass@2d901eb0]" started-at="2025-02-12T11:46:06 IST" name="OpenBrowser" finished-at="2025-02-12T11:46:13 IST" duration-ms="6759" status="PASS">
          <reporter-output>
          </reporter-output>
        </test-method> <!-- OpenBrowser -->
        <test-method is-config="true" signature="LoginToApp()[pri:0, instance:Module1ForMedicalTestClass.MedicalTestClass@2d901eb0]" started-at="2025-02-12T11:46:13 IST" name="LoginToApp" finished-at="2025-02-12T11:46:17 IST" duration-ms="4340" status="PASS">
          <reporter-output>
          </reporter-output>
        </test-method> <!-- LoginToApp -->
        <test-method signature="verifyTC()[pri:0, instance:Module1ForMedicalTestClass.MedicalTestClass@2d901eb0]" started-at="2025-02-12T11:46:17 IST" name="verifyTC" finished-at="2025-02-12T11:46:20 IST" duration-ms="2514" status="FAIL">
          <exception class="java.io.FileNotFoundException">
            <full-stacktrace>
              <![CDATA[java.io.FileNotFoundException: 
at java.base/java.io.FileInputStream.open0(Native Method)
at java.base/java.io.FileInputStream.open(FileInputStream.java:213)
at java.base/java.io.FileInputStream.<init>(FileInputStream.java:152)
at java.base/java.io.FileInputStream.<init>(FileInputStream.java:106)
at LibraryFile.UtilityClass.TestData(UtilityClass.java:27)
at Module1ForMedicalTestClass.MedicalTestClass.verifyTC(MedicalTestClass.java:50)
at java.base/jdk.internal.reflect.DirectMethodHandleAccessor.invoke(DirectMethodHandleAccessor.java:103)
at java.base/java.lang.reflect.Method.invoke(Method.java:580)
at org.testng.internal.invokers.MethodInvocationHelper.invokeMethod(MethodInvocationHelper.java:139)
at org.testng.internal.invokers.TestInvoker.invokeMethod(TestInvoker.java:677)
at org.testng.internal.invokers.TestInvoker.invokeTestMethod(TestInvoker.java:221)
at org.testng.internal.invokers.MethodRunner.runInSequence(MethodRunner.java:50)
at org.testng.internal.invokers.TestInvoker$MethodInvocationAgent.invoke(TestInvoker.java:969)
at org.testng.internal.invokers.TestInvoker.invokeTestMethods(TestInvoker.java:194)
at org.testng.internal.invokers.TestMethodWorker.invokeTestMethods(TestMethodWorker.java:148)
at org.testng.internal.invokers.TestMethodWorker.run(TestMethodWorker.java:128)
at java.base/java.util.ArrayList.forEach(ArrayList.java:1597)
at org.testng.TestRunner.privateRun(TestRunner.java:829)
at org.testng.TestRunner.run(TestRunner.java:602)
at org.testng.SuiteRunner.runTest(SuiteRunner.java:437)
at org.testng.SuiteRunner.runSequentially(SuiteRunner.java:431)
at org.testng.SuiteRunner.privateRun(SuiteRunner.java:391)
at org.testng.SuiteRunner.run(SuiteRunner.java:330)
at org.testng.SuiteRunnerWorker.runSuite(SuiteRunnerWorker.java:52)
at org.testng.SuiteRunnerWorker.run(SuiteRunnerWorker.java:95)
at org.testng.TestNG.runSuitesSequentially(TestNG.java:1256)
at org.testng.TestNG.runSuitesLocally(TestNG.java:1176)
at org.testng.TestNG.runSuites(TestNG.java:1099)
at org.testng.TestNG.run(TestNG.java:1067)
at org.testng.remote.AbstractRemoteTestNG.run(AbstractRemoteTestNG.java:115)
at org.testng.remote.RemoteTestNG.initAndRun(RemoteTestNG.java:293)
at org.testng.remote.RemoteTestNG.main(RemoteTestNG.java:91)
]]>
            </full-stacktrace>
          </exception> <!-- java.io.FileNotFoundException -->
          <reporter-output>
          </reporter-output>
        </test-method> <!-- verifyTC -->
        <test-method is-config="true" signature="CloseToApp(org.testng.ITestResult)[pri:0, instance:Module1ForMedicalTestClass.MedicalTestClass@2d901eb0]" started-at="2025-02-12T11:46:20 IST" name="CloseToApp" finished-at="2025-02-12T11:46:20 IST" duration-ms="207" status="PASS">
          <params>
            <param index="0">
              <value>
                <![CDATA[[TestResult name=verifyTC status=FAILURE method=MedicalTestClass.verifyTC()[pri:0, instance:Module1ForMedicalTestClass.MedicalTestClass@2d901eb0] output={null}]]]>
              </value>
            </param>
          </params>
          <reporter-output>
          </reporter-output>
        </test-method> <!-- CloseToApp -->
        <test-method is-config="true" signature="CloseBrowser()[pri:0, instance:Module1ForMedicalTestClass.MedicalTestClass@2d901eb0]" started-at="2025-02-12T11:46:20 IST" name="CloseBrowser" finished-at="2025-02-12T11:46:20 IST" duration-ms="104" status="PASS">
          <reporter-output>
          </reporter-output>
        </test-method> <!-- CloseBrowser -->
      </class> <!-- Module1ForMedicalTestClass.MedicalTestClass -->
    </test> <!-- Default test -->
  </suite> <!-- Default suite -->
</testng-results>
